Starting
Mon Dec 15 04:09:16 PM EST 2025
Module loading
Activating env
Starting BERT Training
Training on 4 GPUs with mixed precision
Local rank: 0, Global rank: 0
TensorBoard logs will be saved to: ./runs
Run: tensorboard --logdir=./runs
Loading dataset...
Dataset info:
  Type: <class 'datasets.arrow_dataset.Dataset'>
  Length: 575852, type: <class 'int'>
  Features: {'input_ids': List(Value('int32')), 'attention_mask': List(Value('int8')), 'labels': List(Value('int64'))}

Sample data:
  input_ids: type=<class 'torch.Tensor'>, dtype=torch.int64
  attention_mask: type=<class 'torch.Tensor'>, dtype=torch.int64
  labels: type=<class 'torch.Tensor'>, dtype=torch.int64
Initializing model...
Tokenizing dataset...
DEBUG: num_epochs = 20, type = <class 'int'>
DEBUG: len(train_dataloader) = 4499, type = <class 'int'>
DEBUG: gradient_accumulation_steps = 1, type = <class 'int'>
DEBUG: num_training_steps = 89980, type = <class 'int'>
DEBUG: lr = 3e-4, type = <class 'str'>
DEBUG: max_lr = 1e-3, type = <class 'str'>
DEBUG: pct_start = 0.05, type = <class 'float'>
DEBUG: weight_decay = 0.01, type = <class 'float'>

Starting training for 20 epochs
Total training steps: 89980
Steps per epoch: 4499
Effective batch size: 128
Mixed precision: True
Gradient accumulation steps: 1

Epoch 1/20
Epoch 1 - Average Loss: 4.3156
Checkpoint saved to: ./checkpoints/checkpoint_epoch_1.pt
Running validation...
Validation Loss: 3.0763

Epoch 2/20
Epoch 2 - Average Loss: 2.8211
Checkpoint saved to: ./checkpoints/checkpoint_epoch_2.pt
Running validation...
Validation Loss: 2.6448

Epoch 3/20
Epoch 3 - Average Loss: 2.6385
Checkpoint saved to: ./checkpoints/checkpoint_epoch_3.pt
Running validation...
Validation Loss: 2.4655

Epoch 4/20
Epoch 4 - Average Loss: 2.3957
Checkpoint saved to: ./checkpoints/checkpoint_epoch_4.pt
Running validation...
Validation Loss: 2.3481

Epoch 5/20
Epoch 5 - Average Loss: 2.2906
Checkpoint saved to: ./checkpoints/checkpoint_epoch_5.pt
Running validation...
Validation Loss: 2.2619

Epoch 6/20
Epoch 6 - Average Loss: 2.2122
Checkpoint saved to: ./checkpoints/checkpoint_epoch_6.pt
Running validation...
Validation Loss: 2.1938

Epoch 7/20
Epoch 7 - Average Loss: 2.1537
Checkpoint saved to: ./checkpoints/checkpoint_epoch_7.pt
Running validation...
Validation Loss: 2.1415

Epoch 8/20
Epoch 8 - Average Loss: 2.1000
Checkpoint saved to: ./checkpoints/checkpoint_epoch_8.pt
Running validation...
Validation Loss: 2.0977

Epoch 9/20
Epoch 9 - Average Loss: 2.0523
Checkpoint saved to: ./checkpoints/checkpoint_epoch_9.pt
Running validation...
Validation Loss: 2.0528

Epoch 10/20
Epoch 10 - Average Loss: 2.0085
Checkpoint saved to: ./checkpoints/checkpoint_epoch_10.pt
Running validation...
Validation Loss: 2.0167

Epoch 11/20
Epoch 11 - Average Loss: 1.9700
Checkpoint saved to: ./checkpoints/checkpoint_epoch_11.pt
Running validation...
Validation Loss: 1.9805

Epoch 12/20
Epoch 12 - Average Loss: 1.9308
Checkpoint saved to: ./checkpoints/checkpoint_epoch_12.pt
Running validation...
Validation Loss: 1.9500

Epoch 13/20
Epoch 13 - Average Loss: 1.9009
Checkpoint saved to: ./checkpoints/checkpoint_epoch_13.pt
Running validation...
Validation Loss: 1.9192

Epoch 14/20
Epoch 14 - Average Loss: 1.8684
Checkpoint saved to: ./checkpoints/checkpoint_epoch_14.pt
Running validation...
Validation Loss: 1.8907

Epoch 15/20
Epoch 15 - Average Loss: 1.8390
Checkpoint saved to: ./checkpoints/checkpoint_epoch_15.pt
Running validation...
Validation Loss: 1.8702

Epoch 16/20
Epoch 16 - Average Loss: 1.8175
Checkpoint saved to: ./checkpoints/checkpoint_epoch_16.pt
Running validation...
Validation Loss: 1.8507

Epoch 17/20
Epoch 17 - Average Loss: 1.7958
Checkpoint saved to: ./checkpoints/checkpoint_epoch_17.pt
Running validation...
Validation Loss: 1.8364

Epoch 18/20
Epoch 18 - Average Loss: 1.7841
Checkpoint saved to: ./checkpoints/checkpoint_epoch_18.pt
Running validation...
Validation Loss: 1.8234

Epoch 19/20
Epoch 19 - Average Loss: 1.7747
Checkpoint saved to: ./checkpoints/checkpoint_epoch_19.pt
Running validation...
Validation Loss: 1.8231

Epoch 20/20
Epoch 20 - Average Loss: 1.7720
Checkpoint saved to: ./checkpoints/checkpoint_epoch_20.pt
Running validation...
Validation Loss: 1.8226

Training complete! Final model saved to: ./checkpoints/final_model.pt
Training finished
Converting model to HuggingFace format
Post-training with spaCy
Activating env
Starting post-training with spaCy
[38;5;4mℹ Saving to output directory: output[0m
[38;5;4mℹ Using GPU: 0[0m
[1m
=========================== Initializing pipeline ===========================[0m
[38;5;2m✔ Initialized pipeline[0m
[1m
============================= Training pipeline =============================[0m
[38;5;4mℹ Pipeline: ['transformer', 'tagger', 'morphologizer',
'trainable_lemmatizer', 'parser'][0m
[38;5;4mℹ Initial learn rate: 0.0[0m
E    #       LOSS TRANS...  LOSS TAGGER  LOSS MORPH...  LOSS TRAIN...  LOSS PARSER  TAG_ACC  POS_ACC  MORPH_ACC  LEMMA_ACC  DEP_UAS  DEP_LAS  SENTS_F  SCORE 
---  ------  -------------  -----------  -------------  -------------  -----------  -------  -------  ---------  ---------  -------  -------  -------  ------
  0       0        1629.46      1483.22        1483.98        1484.80      2649.65     0.00    18.20       0.99      20.31     6.23     6.23     0.05    0.09
  1     200      295891.52    354929.51      356026.71      356720.47    443295.32     8.14    12.11      32.12      20.28     5.99     5.96     0.05    0.14
  2     400      235048.60    335292.98      347550.22      349493.26    327286.84    23.41    25.48      32.30      20.28    30.56    22.23     2.92    0.25
  3     600      250098.58    279749.69      314271.61      319070.35    303463.79    40.18    55.65      35.93      25.02    44.52    34.21    16.27    0.37
  4     800      270379.12    215680.07      279386.85      293745.32    290085.94    47.98    68.34      40.77      32.64    49.83    40.07    33.79    0.45
  5    1000      288917.82    174687.79      250982.00      267919.02    269869.86    59.90    76.19      58.25      43.52    54.87    45.58    41.36    0.55
  6    1200      317697.37    139590.71      212218.69      240392.15    257749.63    71.75    84.61      68.70      50.34    58.52    49.66    48.88    0.63
  7    1400      336893.41    106757.98      174127.66      215322.92    242370.53    78.30    89.19      74.25      54.32    60.26    52.37    51.26    0.68
  8    1600      348406.38     84094.84      146726.74      199295.32    228403.53    81.10    90.95      77.57      57.25    62.18    54.51    43.47    0.70
  9    1800      365026.16     66663.63      125582.59      182070.58    218130.07    83.56    92.38      80.73      59.52    63.69    56.41    53.53    0.72
 10    2000      361804.01     55900.02      107109.83      169511.60    204519.58    85.04    92.87      82.78      61.66    66.42    58.99    60.65    0.74
 11    2200      359932.15     46002.27       92704.09      156982.00    192966.84    86.74    93.67      85.10      63.40    67.16    59.79    62.48    0.76
 12    2400      354119.72     38626.35       79313.43      145718.46    179250.40    87.50    93.87      86.40      64.54    66.09    59.22    55.53    0.76
 13    2600      348978.58     33305.80       70027.06      137632.68    171447.14    88.10    94.23      87.48      66.10    68.84    61.90    67.05    0.78
 14    2800      341670.70     27779.50       61288.82      130295.79    159847.08    88.63    94.32      88.15      67.12    69.08    62.06    66.51    0.78
 15    3000      330908.99     24289.71       54680.20      122867.50    151369.72    89.20    94.65      88.79      67.59    67.70    61.21    68.28    0.78
 16    3200      308250.54     20346.19       47919.99      115847.93    137099.38    89.23    94.76      89.32      68.79    70.15    63.36    63.79    0.79
 17    3400      299925.23     18511.97       43492.07      109984.06    130525.80    89.88    94.98      89.60      69.70    70.83    63.98    71.04    0.80
 18    3600      287316.96     15681.26       39502.45      105278.27    124278.02    89.86    94.67      89.93      70.44    70.45    63.89    68.74    0.80
 20    3800      261770.88     13472.27       34685.67       97571.74    112123.43    89.88    94.82      89.89      71.11    70.69    64.10    68.03    0.80
 21    4000      262200.62     11806.98       31554.09       92634.37    107878.47    89.98    94.86      90.23      71.90    69.88    63.43    71.87    0.80
 22    4200      243903.10     10371.95       28814.26       88331.78    101236.44    89.99    94.76      90.50      72.20    70.92    64.33    71.68    0.81
 23    4400      251294.25      9526.32       26752.43       84207.23     98319.47    90.20    94.84      90.43      72.82    70.76    64.12    73.36    0.81
 24    4600      221781.16      8320.89       24715.76       79139.38     90644.60    90.23    94.86      90.54      73.41    70.62    64.07    69.74    0.81
 25    4800      200382.72      7448.03       22500.92       73600.87     84887.36    90.15    94.66      90.66      73.77    70.96    64.44    73.55    0.81
 26    5000      189519.45      6582.27       20718.29       69318.49     79731.58    90.35    94.84      90.69      74.44    71.00    64.45    71.75    0.81
 27    5200      177572.96      5924.13       18775.50       65022.53     74745.45    89.91    94.58      90.69      74.66    70.76    64.17    72.97    0.81
 28    5400      171063.91      5351.83       17772.53       60693.67     71380.55    90.22    94.78      90.74      75.24    71.14    64.45    69.59    0.82
 29    5600      164804.03      4656.68       16071.45       56552.73     66707.76    90.37    94.89      90.67      75.58    70.44    63.88    72.16    0.82
 30    5800      163867.38      4405.07       15257.76       54001.96     64432.29    90.16    94.77      90.84      76.51    70.20    63.60    72.42    0.82
 31    6000      150013.13      3810.66       13986.08       49424.21     61013.06    90.45    94.77      90.80      76.22    70.75    64.10    72.49    0.82
 32    6200      146449.33      3599.31       12831.58       47008.64     57790.46    90.03    94.68      90.69      77.14    70.84    64.03    72.14    0.82
 33    6400      143592.80      3215.37       12332.88       44556.75     55846.08    90.10    94.69      90.71      76.75    70.15    63.21    70.47    0.82
 34    6600      139474.20      2954.87       11169.09       41351.27     53610.89    90.27    94.83      90.90      77.95    70.36    63.78    71.73    0.82
 35    6800      127968.01      2553.35       10658.17       37952.22     50643.79    89.94    94.36      90.84      77.22    70.64    63.90    70.06    0.82
 36    7000      116118.00      2425.84        9419.69       36041.14     47662.72    90.26    94.73      90.83      77.75    70.52    63.81    71.97    0.82
 37    7200      117783.54      2125.25        8983.05       33142.26     45356.05    90.09    94.70      90.60      78.20    70.33    63.52    73.25    0.82
 38    7400      109737.33      1979.83        8250.45       30913.06     43461.67    90.22    94.74      90.72      78.48    70.14    63.32    71.05    0.82
 39    7600       98953.23      1837.54        7657.17       29053.57     41244.00    89.79    94.39      90.61      78.45    69.89    63.11    71.99    0.82
 40    7800      100988.08      1570.79        6933.59       26223.55     39917.77    90.34    94.81      90.82      79.04    70.19    63.51    69.10    0.82
 42    8000      103134.57      1514.23        6629.14       24311.78     38699.30    90.26    94.66      90.63      79.23    69.51    62.80    69.10    0.82
 43    8200       81726.09      1218.33        5789.05       22247.88     35747.32    90.09    94.56      90.84      79.30    70.31    63.39    73.54    0.82
 44    8400       80232.92      1146.95        5352.48       20351.57     34248.88    90.27    94.70      90.74      79.38    70.53    63.57    72.38    0.82
 45    8600       72978.69       935.62        4577.30       18219.30     32767.77    90.09    94.58      90.82      79.61    70.20    63.44    72.20    0.82
 46    8800       69269.81       843.92        4226.07       16802.32     31097.27    90.10    94.46      90.67      79.77    70.63    63.66    72.25    0.82
 47    9000       64204.63       739.38        3723.34       15098.25     30255.92    89.98    94.35      90.74      79.86    69.92    63.13    72.71    0.82
 48    9200       60883.41       646.20        3204.78       13559.64     29451.27    90.15    94.54      90.83      79.93    70.44    63.51    73.54    0.83
 49    9400       54708.47       553.06        2970.72       12041.81     27898.82    89.97    94.58      90.59      80.02    70.19    63.34    72.65    0.82
 50    9600       52159.22       468.78        2635.88       10805.49     27527.64    90.15    94.59      90.61      80.24    70.18    63.28    72.61    0.83
 51    9800       46467.73       415.26        2314.15        9654.71     26655.24    90.03    94.59      90.54      79.91    69.76    62.85    72.37    0.82
 52   10000       45792.32       401.89        2295.93        8654.58     26542.94    90.06    94.54      90.64      80.34    69.81    62.95    71.72    0.82
 53   10200       42487.16       344.24        2186.21        7853.53     25585.90    89.65    94.25      90.31      79.95    69.67    62.72    70.58    0.82
 54   10400       40929.16       300.46        1847.14        6781.29     25137.04    90.10    94.54      90.76      80.36    70.05    63.23    69.83    0.83
 55   10600       48575.72       275.29        1514.31        6157.48     25912.07    90.20    94.62      90.59      80.51    69.88    62.88    69.96    0.83
 56   10800       42229.06       258.39        1348.63        5516.25     24896.18    90.24    94.65      90.75      80.18    70.06    63.30    72.78    0.83
 57   11000       36697.72       232.48        1188.19        4787.50     24435.90    89.89    94.35      90.64      80.58    70.14    63.13    71.46    0.83
 58   11200       34297.37       199.68        1015.68        4226.23     24306.27    90.03    94.47      90.69      80.25    70.01    63.19    73.10    0.82
 60   11400       35767.23       172.41         891.93        3616.75     24369.78    90.11    94.59      90.62      80.64    70.03    63.22    72.26    0.83
 61   11600       31141.17       119.51         778.93        3173.91     23213.42    90.11    94.60      90.70      80.72    69.90    63.18    72.54    0.83
 62   11800       30628.70       107.73         685.82        2741.22     23420.77    90.14    94.55      90.64      80.05    70.18    63.24    72.40    0.82
 63   12000       27055.44        91.05         568.05        2439.75     22735.88    90.04    94.51      90.74      80.76    70.11    63.42    72.00    0.83
 64   12200       29991.53        75.88         515.05        2063.78     23117.20    89.99    94.50      90.72      80.76    69.68    62.94    73.00    0.83
 65   12400       28493.36        66.38         450.93        1823.90     23584.64    90.09    94.64      90.63      80.48    70.19    63.41    71.12    0.83
 66   12600       28216.07        64.77         384.54        1630.83     22739.18    90.18    94.57      90.64      80.74    70.13    63.32    72.62    0.83
 67   12800       27344.65        54.24         357.31        1404.74     23348.83    89.90    94.45      90.56      80.53    69.50    62.66    70.30    0.82
 68   13000       36780.87        45.19         332.03        1310.32     23948.95    90.11    94.60      90.62      80.51    70.16    63.26    70.95    0.83
 69   13200       31410.54        36.90         286.85        1102.88     23642.64    90.10    94.57      90.72      80.73    69.77    63.20    72.55    0.83
 70   13400       30731.49        35.00         245.44         973.64     23232.98    90.25    94.60      90.70      80.91    69.58    62.85    72.73    0.83
 71   13600       25992.60        30.01         230.53         895.16     22501.19    89.92    94.50      90.63      80.43    69.59    62.85    73.25    0.82
 72   13800       23459.26        28.09         196.73         786.24     22816.74    90.07    94.50      90.61      80.87    70.17    63.31    71.24    0.83
 73   14000       22116.96        26.78         176.82         710.76     21864.22    90.15    94.61      90.70      80.97    70.17    63.38    72.41    0.83
 74   14200       20643.52        22.48         156.74         595.29     22394.69    90.04    94.52      90.68      80.69    70.26    63.50    73.16    0.83
 75   14400       19212.76        18.26         135.12         546.16     21683.45    89.98    94.48      90.59      80.56    69.62    62.84    72.17    0.82
 76   14600       19378.35        16.44         131.81         489.64     22089.72    90.12    94.57      90.65      80.67    69.78    62.95    71.31    0.83
 77   14800       19052.41        15.37         113.37         435.45     21512.64    90.10    94.49      90.61      80.84    69.74    62.97    71.38    0.83
 79   15000       17468.56        12.09          96.89         384.52     21497.23    90.13    94.53      90.58      80.96    70.04    63.36    72.21    0.83
 80   15200       17565.42        12.99          96.65         355.37     21518.23    90.04    94.52      90.64      80.77    69.83    63.09    72.61    0.83
 81   15400       15901.54         9.53          81.10         303.88     21431.43    90.12    94.50      90.60      80.92    69.97    63.22    72.87    0.83
 82   15600       16603.66         9.33          77.31         287.92     21503.93    90.01    94.48      90.62      80.81    69.71    63.01    72.50    0.83
[38;5;2m✔ Saved pipeline to output directory[0m
output/model-last
